2025-01-27 03:30:04,851 - __main__ - INFO - Starting application initialization...
2025-01-27 03:30:04,863 - __main__ - INFO - Creating FastAPI application...
2025-01-27 03:30:04,955 - __main__ - INFO - Starting server on http://0.0.0.0:8000
2025-01-27 03:30:43,833 - passlib.handlers.bcrypt - WARNING - (trapped) error reading bcrypt version
Traceback (most recent call last):
  File "/Users/amitanand/Dev/blogApiFastapi/.prod/lib/python3.9/site-packages/passlib/handlers/bcrypt.py", line 620, in _load_backend_mixin
    version = _bcrypt.__about__.__version__
AttributeError: module 'bcrypt' has no attribute '__about__'
2025-01-27 03:30:44,681 - run - ERROR - Missing required environment variables: DB_HOST
2025-01-27 03:30:44,695 - run - INFO - Created logs directory
2025-01-27 03:30:44,794 - run - INFO - Starting application initialization...
2025-01-27 03:30:44,794 - run - INFO - Creating FastAPI application...
2025-01-27 03:30:44,816 - run - INFO - Starting server on http://0.0.0.0:8000
2025-01-27 03:30:44,827 - run - INFO - Starting application initialization...
2025-01-27 03:30:44,827 - run - ERROR - Application startup failed: Database error
2025-01-27 04:16:14,949 - __main__ - INFO - Starting application initialization...
2025-01-27 04:16:14,967 - __main__ - INFO - Creating FastAPI application...
2025-01-27 04:16:14,995 - __main__ - INFO - Starting server on http://0.0.0.0:8000
2025-01-27 04:25:36,500 - __main__ - INFO - Starting application initialization...
2025-01-27 04:25:36,515 - __main__ - INFO - Creating FastAPI application...
2025-01-27 04:25:36,544 - __main__ - INFO - Starting server on http://0.0.0.0:8000
2025-01-27 04:29:54,875 - __main__ - INFO - Starting application initialization...
2025-01-27 04:29:54,889 - __main__ - INFO - Creating FastAPI application...
2025-01-27 04:29:54,917 - __main__ - INFO - Starting server on http://0.0.0.0:8000
2025-01-27 11:14:20,295 - __main__ - INFO - Starting application initialization...
2025-01-27 11:14:20,311 - __main__ - INFO - Creating FastAPI application...
2025-01-27 11:14:20,340 - __main__ - INFO - Starting server on http://0.0.0.0:8000
2025-01-27 11:36:27,830 - passlib.handlers.bcrypt - WARNING - (trapped) error reading bcrypt version
Traceback (most recent call last):
  File "/Users/amitanand/Dev/blogApiFastapi/.venv/lib/python3.9/site-packages/passlib/handlers/bcrypt.py", line 620, in _load_backend_mixin
    version = _bcrypt.__about__.__version__
AttributeError: module 'bcrypt' has no attribute '__about__'
2025-01-27 11:36:28,469 - run - ERROR - Missing required environment variables: DB_HOST
2025-01-27 11:36:28,481 - run - INFO - Created logs directory
2025-01-27 11:36:28,523 - run - INFO - Starting application initialization...
2025-01-27 11:36:28,523 - run - INFO - Creating FastAPI application...
2025-01-27 11:36:28,525 - run - ERROR - Application startup failed: invalid syntax (main.py, line 351)
2025-01-27 11:36:28,542 - run - INFO - Starting application initialization...
2025-01-27 11:36:28,543 - run - ERROR - Application startup failed: Database error
2025-01-27 11:38:16,041 - passlib.handlers.bcrypt - WARNING - (trapped) error reading bcrypt version
Traceback (most recent call last):
  File "/Users/amitanand/Dev/blogApiFastapi/.venv/lib/python3.9/site-packages/passlib/handlers/bcrypt.py", line 620, in _load_backend_mixin
    version = _bcrypt.__about__.__version__
AttributeError: module 'bcrypt' has no attribute '__about__'
2025-01-27 11:38:16,690 - run - ERROR - Missing required environment variables: DB_HOST
2025-01-27 11:38:16,703 - run - INFO - Created logs directory
2025-01-27 11:38:16,747 - run - INFO - Starting application initialization...
2025-01-27 11:38:16,747 - run - INFO - Creating FastAPI application...
2025-01-27 11:38:16,750 - run - ERROR - Application startup failed: invalid syntax (main.py, line 351)
2025-01-27 11:38:16,769 - run - INFO - Starting application initialization...
2025-01-27 11:38:16,769 - run - ERROR - Application startup failed: Database error
2025-01-27 11:40:32,605 - passlib.handlers.bcrypt - WARNING - (trapped) error reading bcrypt version
Traceback (most recent call last):
  File "/Users/amitanand/Dev/blogApiFastapi/.venv/lib/python3.9/site-packages/passlib/handlers/bcrypt.py", line 620, in _load_backend_mixin
    version = _bcrypt.__about__.__version__
AttributeError: module 'bcrypt' has no attribute '__about__'
2025-01-27 11:40:33,240 - run - ERROR - Missing required environment variables: DB_HOST
2025-01-27 11:40:33,253 - run - INFO - Created logs directory
2025-01-27 11:40:33,296 - run - INFO - Starting application initialization...
2025-01-27 11:40:33,296 - run - INFO - Creating FastAPI application...
2025-01-27 11:40:33,299 - run - ERROR - Application startup failed: invalid syntax (main.py, line 351)
2025-01-27 11:40:33,318 - run - INFO - Starting application initialization...
2025-01-27 11:40:33,318 - run - ERROR - Application startup failed: Database error
